NAME        READY   STATUS    RESTARTS   AGE
nginx-pod   1/1     Running   0          2m41s
Name:             nginx-pod
Namespace:        codeby
Priority:         0
Service Account:  default
Node:             codeby-cluster-control-plane/172.19.0.2
Start Time:       Wed, 19 Nov 2025 23:35:14 +0300
Labels:           run=nginx-pod
Annotations:      <none>
Status:           Running
IP:               10.244.0.5
IPs:
  IP:  10.244.0.5
Containers:
  nginx-pod:
    Container ID:   containerd://fce85c29ba5efc42d856f51a6aa9464fbcf6564ec936666f44b40a1e751931ae
    Image:          nginx
    Image ID:       docker.io/library/nginx@sha256:553f64aecdc31b5bf944521731cd70e35da4faed96b2b7548a3d8e2598c52a42
    Port:           <none>
    Host Port:      <none>
    State:          Running
      Started:      Wed, 19 Nov 2025 23:35:42 +0300
    Ready:          True
    Restart Count:  0
    Environment:    <none>
    Mounts:
      /var/run/secrets/kubernetes.io/serviceaccount from kube-api-access-qwb8t (ro)
Conditions:
  Type                        Status
  PodReadyToStartContainers   True 
  Initialized                 True 
  Ready                       True 
  ContainersReady             True 
  PodScheduled                True 
Volumes:
  kube-api-access-qwb8t:
    Type:                    Projected (a volume that contains injected data from multiple sources)
    TokenExpirationSeconds:  3607
    ConfigMapName:           kube-root-ca.crt
    Optional:                false
    DownwardAPI:             true
QoS Class:                   BestEffort
Node-Selectors:              <none>
Tolerations:                 node.kubernetes.io/not-ready:NoExecute op=Exists for 300s
                             node.kubernetes.io/unreachable:NoExecute op=Exists for 300s
Events:
  Type    Reason     Age    From               Message
  ----    ------     ----   ----               -------
  Normal  Scheduled  3m2s   default-scheduler  Successfully assigned codeby/nginx-pod to codeby-cluster-control-plane
  Normal  Pulling    3m1s   kubelet            Pulling image "nginx"
  Normal  Pulled     2m35s  kubelet            Successfully pulled image "nginx" in 25.62s (25.62s including waiting). Image size: 59772801 bytes.
  Normal  Created    2m35s  kubelet            Created container: nginx-pod
  Normal  Started    2m34s  kubelet            Started container nginx-pod
