NAME          READY   STATUS    RESTARTS   AGE
nginx-pod     1/1     Running   0          31m
nginx-pod-2   1/1     Running   0          34s
Name:             nginx-pod-2
Namespace:        codeby
Priority:         0
Service Account:  default
Node:             codeby-cluster-control-plane/172.19.0.2
Start Time:       Thu, 20 Nov 2025 00:06:38 +0300
Labels:           run=nginx-pod-2
Annotations:      <none>
Status:           Running
IP:               10.244.0.8
IPs:
  IP:  10.244.0.8
Containers:
  nginx-pod-2:
    Container ID:   containerd://d02e376c43a48c5d1015d5c508d928d4aba872b34a2096114c27e1cd9dab3167
    Image:          nginx
    Image ID:       docker.io/library/nginx@sha256:553f64aecdc31b5bf944521731cd70e35da4faed96b2b7548a3d8e2598c52a42
    Port:           <none>
    Host Port:      <none>
    State:          Running
      Started:      Thu, 20 Nov 2025 00:06:40 +0300
    Ready:          True
    Restart Count:  0
    Environment:    <none>
    Mounts:
      /var/run/secrets/kubernetes.io/serviceaccount from kube-api-access-wc6gp (ro)
Conditions:
  Type                        Status
  PodReadyToStartContainers   True 
  Initialized                 True 
  Ready                       True 
  ContainersReady             True 
  PodScheduled                True 
Volumes:
  kube-api-access-wc6gp:
    Type:                    Projected (a volume that contains injected data from multiple sources)
    TokenExpirationSeconds:  3607
    ConfigMapName:           kube-root-ca.crt
    Optional:                false
    DownwardAPI:             true
QoS Class:                   BestEffort
Node-Selectors:              <none>
Tolerations:                 node.kubernetes.io/not-ready:NoExecute op=Exists for 300s
                             node.kubernetes.io/unreachable:NoExecute op=Exists for 300s
Events:
  Type    Reason     Age   From               Message
  ----    ------     ----  ----               -------
  Normal  Scheduled  52s   default-scheduler  Successfully assigned codeby/nginx-pod-2 to codeby-cluster-control-plane
  Normal  Pulling    51s   kubelet            Pulling image "nginx"
  Normal  Pulled     50s   kubelet            Successfully pulled image "nginx" in 1.147s (1.147s including waiting). Image size: 59772801 bytes.
  Normal  Created    50s   kubelet            Created container: nginx-pod-2
  Normal  Started    50s   kubelet            Started container nginx-pod-2
